30.10.2008 20:02:37 WARN  [org.hippoecm.repository.RepositoryServlet.init():163] Started an RMI registry on port 1099
30.10.2008 20:04:34 WARN  [org.apache.jackrabbit.core.state.ItemStateReferenceCache.cache():117] overwriting cached entry baa88a59-8c2d-4638-9f26-5430c0ee331b
30.10.2008 20:04:34 WARN  [org.apache.jackrabbit.core.state.MLRUItemStateCache.cache():140] overwriting cached entry baa88a59-8c2d-4638-9f26-5430c0ee331b
30.10.2008 20:04:34 WARN  [org.apache.jackrabbit.core.state.ItemStateMap.put():82] overwriting map entry baa88a59-8c2d-4638-9f26-5430c0ee331b
30.10.2008 20:04:34 WARN  [org.hippoecm.repository.standardworkflow.Remodeling.copyProperty():230] Dropping property hippo:paths as there is no new definition.
30.10.2008 20:04:34 WARN  [org.hippoecm.repository.standardworkflow.Remodeling.copyProperty():230] Dropping property hippo:paths as there is no new definition.
30.10.2008 20:04:35 ERROR [org.hippoecm.frontend.plugin.workflow.WorkflowPlugin.updateModel():128] could not setup workflow model
javax.jcr.RepositoryException: this session has been closed
	at org.apache.jackrabbit.rmi.server.ServerObject.getRepositoryException(ServerObject.java:136)
	at org.apache.jackrabbit.rmi.server.ServerNode.isNodeType(ServerNode.java:199)
	at sun.reflect.GeneratedMethodAccessor69.invoke(Unknown Source)
	at sun.reflect.DelegatingMethodAccessorImpl.invoke(DelegatingMethodAccessorImpl.java:25)
	at java.lang.reflect.Method.invoke(Method.java:585)
	at sun.rmi.server.UnicastServerRef.dispatch(UnicastServerRef.java:294)
	at sun.rmi.transport.Transport$1.run(Transport.java:153)
	at java.security.AccessController.doPrivileged(Native Method)
	at sun.rmi.transport.Transport.serviceCall(Transport.java:149)
	at sun.rmi.transport.tcp.TCPTransport.handleMessages(TCPTransport.java:466)
	at sun.rmi.transport.tcp.TCPTransport$ConnectionHandler.run(TCPTransport.java:707)
	at java.lang.Thread.run(Thread.java:595)
	at sun.rmi.transport.StreamRemoteCall.exceptionReceivedFromServer(StreamRemoteCall.java:247)
	at sun.rmi.transport.StreamRemoteCall.executeCall(StreamRemoteCall.java:223)
	at sun.rmi.server.UnicastRef.invoke(UnicastRef.java:126)
	at java.rmi.server.RemoteObjectInvocationHandler.invokeRemoteMethod(RemoteObjectInvocationHandler.java:179)
	at java.rmi.server.RemoteObjectInvocationHandler.invoke(RemoteObjectInvocationHandler.java:132)
	at $Proxy2.isNodeType(Unknown Source)
	at org.apache.jackrabbit.rmi.client.ClientNode.isNodeType(ClientNode.java:364)
	at org.hippoecm.frontend.model.WorkflowsModel.initialize(WorkflowsModel.java:85)
	at org.hippoecm.frontend.model.WorkflowsModel.<init>(WorkflowsModel.java:160)
	at org.hippoecm.frontend.plugin.workflow.WorkflowPlugin.updateModel(WorkflowPlugin.java:113)
	at org.hippoecm.frontend.plugin.workflow.WorkflowPlugin.onFlush(WorkflowPlugin.java:200)
	at org.hippoecm.frontend.Home$1.flush(Home.java:74)
	at org.hippoecm.frontend.plugins.standardworkflow.remodel.RemodelDialog.execute(RemodelDialog.java:118)
	at org.hippoecm.frontend.dialog.AbstractWorkflowDialog.ok(AbstractWorkflowDialog.java:112)
	at org.hippoecm.frontend.plugins.standardworkflow.remodel.RemodelDialog.remodel(RemodelDialog.java:72)
	at org.hippoecm.frontend.plugins.standardworkflow.remodel.RemodelWizard$Step2$1.getLazyLoadComponent(RemodelWizard.java:88)
	at org.apache.wicket.extensions.ajax.markup.html.AjaxLazyLoadPanel$1.respond(AjaxLazyLoadPanel.java:66)
	at org.apache.wicket.ajax.AbstractDefaultAjaxBehavior.onRequest(AbstractDefaultAjaxBehavior.java:293)
	at org.apache.wicket.request.target.component.listener.BehaviorRequestTarget.processEvents(BehaviorRequestTarget.java:100)
	at org.apache.wicket.request.AbstractRequestCycleProcessor.processEvents(AbstractRequestCycleProcessor.java:91)
	at org.apache.wicket.RequestCycle.processEventsAndRespond(RequestCycle.java:1171)
	at org.apache.wicket.RequestCycle.step(RequestCycle.java:1248)
	at org.apache.wicket.RequestCycle.steps(RequestCycle.java:1349)
	at org.apache.wicket.RequestCycle.request(RequestCycle.java:493)
	at org.apache.wicket.protocol.http.WicketFilter.doGet(WicketFilter.java:387)
	at org.apache.wicket.protocol.http.WicketFilter.doFilter(WicketFilter.java:199)
	at org.apache.catalina.core.ApplicationFilterChain.internalDoFilter(ApplicationFilterChain.java:235)
	at org.apache.catalina.core.ApplicationFilterChain.doFilter(ApplicationFilterChain.java:206)
	at org.apache.catalina.core.StandardWrapperValve.invoke(StandardWrapperValve.java:233)
	at org.apache.catalina.core.StandardContextValve.invoke(StandardContextValve.java:191)
	at org.apache.catalina.core.StandardHostValve.invoke(StandardHostValve.java:128)
	at org.apache.catalina.valves.ErrorReportValve.invoke(ErrorReportValve.java:102)
	at org.apache.catalina.core.StandardEngineValve.invoke(StandardEngineValve.java:109)
	at org.apache.catalina.connector.CoyoteAdapter.service(CoyoteAdapter.java:286)
	at org.apache.coyote.http11.Http11Processor.process(Http11Processor.java:845)
	at org.apache.coyote.http11.Http11Protocol$Http11ConnectionHandler.process(Http11Protocol.java:583)
	at org.apache.tomcat.util.net.JIoEndpoint$Worker.run(JIoEndpoint.java:447)
	at java.lang.Thread.run(Thread.java:595)
30.10.2008 20:04:35 ERROR [org.hippoecm.frontend.plugins.standards.list.DocumentsProvider.<init>():67] this session has been closed
30.10.2008 20:04:35 ERROR [org.hippoecm.frontend.plugins.standards.list.AbstractListingPlugin.isOrderable():154] this session has been closed
30.10.2008 20:04:35 ERROR [org.hippoecm.frontend.plugin.workflow.WorkflowPlugin.updateModel():128] could not setup workflow model
javax.jcr.RepositoryException: this session has been closed
	at org.apache.jackrabbit.rmi.server.ServerObject.getRepositoryException(ServerObject.java:136)
	at org.apache.jackrabbit.rmi.server.ServerNode.isNodeType(ServerNode.java:199)
	at sun.reflect.GeneratedMethodAccessor69.invoke(Unknown Source)
	at sun.reflect.DelegatingMethodAccessorImpl.invoke(DelegatingMethodAccessorImpl.java:25)
	at java.lang.reflect.Method.invoke(Method.java:585)
	at sun.rmi.server.UnicastServerRef.dispatch(UnicastServerRef.java:294)
	at sun.rmi.transport.Transport$1.run(Transport.java:153)
	at java.security.AccessController.doPrivileged(Native Method)
	at sun.rmi.transport.Transport.serviceCall(Transport.java:149)
	at sun.rmi.transport.tcp.TCPTransport.handleMessages(TCPTransport.java:466)
	at sun.rmi.transport.tcp.TCPTransport$ConnectionHandler.run(TCPTransport.java:707)
	at java.lang.Thread.run(Thread.java:595)
	at sun.rmi.transport.StreamRemoteCall.exceptionReceivedFromServer(StreamRemoteCall.java:247)
	at sun.rmi.transport.StreamRemoteCall.executeCall(StreamRemoteCall.java:223)
	at sun.rmi.server.UnicastRef.invoke(UnicastRef.java:126)
	at java.rmi.server.RemoteObjectInvocationHandler.invokeRemoteMethod(RemoteObjectInvocationHandler.java:179)
	at java.rmi.server.RemoteObjectInvocationHandler.invoke(RemoteObjectInvocationHandler.java:132)
	at $Proxy2.isNodeType(Unknown Source)
	at org.apache.jackrabbit.rmi.client.ClientNode.isNodeType(ClientNode.java:364)
	at org.hippoecm.frontend.model.WorkflowsModel.initialize(WorkflowsModel.java:85)
	at org.hippoecm.frontend.model.WorkflowsModel.<init>(WorkflowsModel.java:160)
	at org.hippoecm.frontend.plugin.workflow.WorkflowPlugin.updateModel(WorkflowPlugin.java:113)
	at org.hippoecm.frontend.plugin.workflow.WorkflowPlugin.onFlush(WorkflowPlugin.java:200)
	at org.hippoecm.frontend.Home$1.flush(Home.java:74)
	at org.hippoecm.frontend.dialog.AbstractWorkflowDialog.ok(AbstractWorkflowDialog.java:118)
	at org.hippoecm.frontend.plugins.standardworkflow.remodel.RemodelDialog.remodel(RemodelDialog.java:72)
	at org.hippoecm.frontend.plugins.standardworkflow.remodel.RemodelWizard$Step2$1.getLazyLoadComponent(RemodelWizard.java:88)
	at org.apache.wicket.extensions.ajax.markup.html.AjaxLazyLoadPanel$1.respond(AjaxLazyLoadPanel.java:66)
	at org.apache.wicket.ajax.AbstractDefaultAjaxBehavior.onRequest(AbstractDefaultAjaxBehavior.java:293)
	at org.apache.wicket.request.target.component.listener.BehaviorRequestTarget.processEvents(BehaviorRequestTarget.java:100)
	at org.apache.wicket.request.AbstractRequestCycleProcessor.processEvents(AbstractRequestCycleProcessor.java:91)
	at org.apache.wicket.RequestCycle.processEventsAndRespond(RequestCycle.java:1171)
	at org.apache.wicket.RequestCycle.step(RequestCycle.java:1248)
	at org.apache.wicket.RequestCycle.steps(RequestCycle.java:1349)
	at org.apache.wicket.RequestCycle.request(RequestCycle.java:493)
	at org.apache.wicket.protocol.http.WicketFilter.doGet(WicketFilter.java:387)
	at org.apache.wicket.protocol.http.WicketFilter.doFilter(WicketFilter.java:199)
	at org.apache.catalina.core.ApplicationFilterChain.internalDoFilter(ApplicationFilterChain.java:235)
	at org.apache.catalina.core.ApplicationFilterChain.doFilter(ApplicationFilterChain.java:206)
	at org.apache.catalina.core.StandardWrapperValve.invoke(StandardWrapperValve.java:233)
	at org.apache.catalina.core.StandardContextValve.invoke(StandardContextValve.java:191)
	at org.apache.catalina.core.StandardHostValve.invoke(StandardHostValve.java:128)
	at org.apache.catalina.valves.ErrorReportValve.invoke(ErrorReportValve.java:102)
	at org.apache.catalina.core.StandardEngineValve.invoke(StandardEngineValve.java:109)
	at org.apache.catalina.connector.CoyoteAdapter.service(CoyoteAdapter.java:286)
	at org.apache.coyote.http11.Http11Processor.process(Http11Processor.java:845)
	at org.apache.coyote.http11.Http11Protocol$Http11ConnectionHandler.process(Http11Protocol.java:583)
	at org.apache.tomcat.util.net.JIoEndpoint$Worker.run(JIoEndpoint.java:447)
	at java.lang.Thread.run(Thread.java:595)
30.10.2008 20:04:35 ERROR [org.hippoecm.frontend.plugins.standards.list.DocumentsProvider.<init>():67] this session has been closed
30.10.2008 20:04:35 ERROR [org.hippoecm.frontend.plugins.standards.list.AbstractListingPlugin.isOrderable():154] this session has been closed
30.10.2008 20:04:35 ERROR [org.hippoecm.frontend.model.JcrItemModel.detach():139] this session has been closed
30.10.2008 20:05:37 ERROR [org.hippoecm.frontend.dialog.AbstractDialog$2.onClick():80] org.hippoecm.repository.api.WorkflowException: cannot delete document being edited
30.10.2008 20:05:44 ERROR [org.hippoecm.frontend.dialog.AbstractDialog$2.onClick():80] org.hippoecm.repository.api.WorkflowException: cannot delete document being edited
30.10.2008 20:05:46 ERROR [org.hippoecm.frontend.dialog.AbstractDialog$2.onClick():80] org.hippoecm.repository.api.WorkflowException: cannot delete document being edited
30.10.2008 20:05:46 ERROR [org.hippoecm.frontend.dialog.AbstractDialog$2.onClick():80] org.hippoecm.repository.api.WorkflowException: cannot delete document being edited
30.10.2008 20:05:57 ERROR [org.hippoecm.frontend.dialog.AbstractDialog$2.onClick():80] org.hippoecm.repository.api.WorkflowException: cannot delete document being edited
30.10.2008 20:05:58 ERROR [org.hippoecm.frontend.dialog.AbstractDialog$2.onClick():80] org.hippoecm.repository.api.WorkflowException: cannot delete document being edited
30.10.2008 20:06:22 ERROR [org.hippoecm.frontend.dialog.AbstractDialog$2.onClick():80] org.hippoecm.repository.api.WorkflowException: cannot delete document being edited
30.10.2008 20:06:29 ERROR [org.hippoecm.frontend.dialog.AbstractDialog$2.onClick():80] org.hippoecm.repository.api.WorkflowException: cannot delete document being edited
30.10.2008 20:06:30 ERROR [org.hippoecm.frontend.dialog.AbstractDialog$2.onClick():80] org.hippoecm.repository.api.WorkflowException: cannot delete document being edited
30.10.2008 20:06:30 ERROR [org.hippoecm.frontend.dialog.AbstractDialog$2.onClick():80] org.hippoecm.repository.api.WorkflowException: cannot delete document being edited
30.10.2008 20:06:30 ERROR [org.hippoecm.frontend.dialog.AbstractDialog$2.onClick():80] org.hippoecm.repository.api.WorkflowException: cannot delete document being edited
30.10.2008 20:07:27 ERROR [org.hippoecm.frontend.dialog.AbstractDialog$2.onClick():80] org.hippoecm.repository.api.WorkflowException: cannot delete document being edited
30.10.2008 20:07:31 ERROR [org.hippoecm.frontend.dialog.AbstractDialog$2.onClick():80] org.hippoecm.repository.api.WorkflowException: cannot delete document being edited
30.10.2008 20:07:32 ERROR [org.hippoecm.frontend.dialog.AbstractDialog$2.onClick():80] org.hippoecm.repository.api.WorkflowException: cannot delete document being edited
30.10.2008 20:07:35 ERROR [org.hippoecm.frontend.dialog.AbstractDialog$2.onClick():80] org.hippoecm.repository.api.WorkflowException: cannot delete document being edited
30.10.2008 20:07:36 ERROR [org.hippoecm.frontend.dialog.AbstractDialog$2.onClick():80] org.hippoecm.repository.api.WorkflowException: cannot delete document being edited
30.10.2008 20:07:37 ERROR [org.hippoecm.frontend.dialog.AbstractDialog$2.onClick():80] org.hippoecm.repository.api.WorkflowException: cannot delete document being edited
30.10.2008 20:07:37 ERROR [org.hippoecm.frontend.dialog.AbstractDialog$2.onClick():80] org.hippoecm.repository.api.WorkflowException: cannot delete document being edited
30.10.2008 20:08:25 ERROR [org.hippoecm.frontend.plugin.impl.PluginManager.unregisterTracker():232] unregistering a listener that wasn't registered.
30.10.2008 20:08:25 WARN  [org.hippoecm.frontend.plugin.impl.PluginContext.unregisterService():151] unregistering service that wasn't registered.
30.10.2008 20:08:31 ERROR [org.hippoecm.frontend.plugin.impl.PluginManager.unregisterTracker():232] unregistering a listener that wasn't registered.
30.10.2008 20:08:31 WARN  [org.hippoecm.frontend.plugin.impl.PluginContext.unregisterService():151] unregistering service that wasn't registered.
30.10.2008 20:10:43 ERROR [org.hippoecm.frontend.plugin.impl.PluginManager.unregisterTracker():232] unregistering a listener that wasn't registered.
30.10.2008 20:10:43 WARN  [org.hippoecm.frontend.plugin.impl.PluginContext.unregisterService():151] unregistering service that wasn't registered.
30.10.2008 20:11:59 ERROR [org.hippoecm.frontend.plugin.impl.PluginManager.unregisterTracker():232] unregistering a listener that wasn't registered.
30.10.2008 20:11:59 WARN  [org.hippoecm.frontend.plugin.impl.PluginContext.unregisterService():151] unregistering service that wasn't registered.
30.10.2008 22:07:48 ERROR [org.hippoecm.frontend.plugin.impl.PluginManager.unregisterTracker():232] unregistering a listener that wasn't registered.
30.10.2008 22:07:48 WARN  [org.hippoecm.frontend.plugin.impl.PluginContext.unregisterService():151] unregistering service that wasn't registered.
30.10.2008 22:09:21 ERROR [org.hippoecm.frontend.plugin.impl.PluginManager.unregisterTracker():232] unregistering a listener that wasn't registered.
30.10.2008 22:09:21 WARN  [org.hippoecm.frontend.plugin.impl.PluginContext.unregisterService():151] unregistering service that wasn't registered.
30.10.2008 22:16:44 ERROR [org.hippoecm.frontend.plugin.impl.PluginManager.unregisterTracker():232] unregistering a listener that wasn't registered.
30.10.2008 22:16:44 ERROR [org.hippoecm.frontend.plugin.impl.PluginManager.unregisterTracker():232] unregistering a listener that wasn't registered.
30.10.2008 22:16:44 WARN  [org.hippoecm.frontend.plugin.impl.PluginContext.unregisterService():151] unregistering service that wasn't registered.
30.10.2008 22:16:44 WARN  [org.hippoecm.frontend.plugin.impl.PluginContext.unregisterService():151] unregistering service that wasn't registered.
31.10.2008 08:37:36 WARN  [org.hippoecm.repository.RepositoryServlet.init():163] Started an RMI registry on port 1099
