28.02.2014 11:20:27 INFO  http-8080-6 [InstructionsEventListener.onPluginEvent:43] INSTRUCTION EVENT: null
28.02.2014 11:20:27 INFO  http-8080-6 [InstructionsEventListener.onPluginEvent:43] INSTRUCTION EVENT: null
28.02.2014 11:20:27 INFO  http-8080-6 [InstructionsEventListener.onPluginEvent:43] INSTRUCTION EVENT: null
28.02.2014 11:20:27 INFO  http-8080-6 [InstructionsEventListener.onPluginEvent:43] INSTRUCTION EVENT: Added xml node to /hippo:namespaces/appstore
28.02.2014 11:20:27 INFO  http-8080-6 [InstructionsEventListener.onPluginEvent:43] INSTRUCTION EVENT: Added xml node to /hippo:namespaces/appstore
28.02.2014 11:20:27 INFO  http-8080-6 [InstructionsEventListener.onPluginEvent:43] INSTRUCTION EVENT: Added xml node to /hippo:namespaces/appstore
28.02.2014 11:20:27 INFO  http-8080-6 [InstructionsEventListener.onPluginEvent:43] INSTRUCTION EVENT: Copied file from: java/Author.txt to: /home/machak/java/projects/hippo/appstore/site/src/main/java/org/onehippo/appstore/beans/Author.java
28.02.2014 11:20:27 INFO  http-8080-6 [InstructionsEventListener.onPluginEvent:43] INSTRUCTION EVENT: Copied file from: java/Blogpost.txt to: /home/machak/java/projects/hippo/appstore/site/src/main/java/org/onehippo/appstore/beans/Blogpost.java
28.02.2014 11:20:27 INFO  http-8080-6 [InstructionsEventListener.onPluginEvent:43] INSTRUCTION EVENT: Copied file from: java/Account.txt to: /home/machak/java/projects/hippo/appstore/site/src/main/java/org/onehippo/appstore/beans/Account.java
28.02.2014 11:20:27 INFO  http-8080-6 [InstructionsEventListener.onPluginEvent:43] INSTRUCTION EVENT: Added xml node to /hippo:configuration/hippo:queries/hippo:templates
28.02.2014 11:20:27 INFO  http-8080-6 [InstructionsEventListener.onPluginEvent:43] INSTRUCTION EVENT: Added xml node to /hippo:configuration/hippo:queries/hippo:templates
28.02.2014 11:20:28 INFO  http-8080-6 [InstructionsEventListener.onPluginEvent:43] INSTRUCTION EVENT: Added xml node to /hippo:configuration/hippo:queries/hippo:templates
28.02.2014 11:20:28 INFO  http-8080-6 [InstructionsEventListener.onPluginEvent:43] INSTRUCTION EVENT: Added xml node to /hippo:configuration/hippo:queries/hippo:templates
28.02.2014 11:20:28 INFO  http-8080-6 [InstructionsEventListener.onPluginEvent:43] INSTRUCTION EVENT: Created /content/documents/administration
28.02.2014 11:20:28 INFO  http-8080-6 [InstructionsEventListener.onPluginEvent:43] INSTRUCTION EVENT: Created /content/documents/appstore/blog/authors
28.02.2014 11:20:28 INFO  http-8080-6 [InstructionsEventListener.onPluginEvent:43] INSTRUCTION EVENT: Created /content/documents/appstore/blog/2014/02
28.02.2014 11:20:28 INFO  http-8080-6 [InstructionsEventListener.onPluginEvent:43] INSTRUCTION EVENT: Added xml node to /content/documents/administration
28.02.2014 11:20:28 INFO  http-8080-6 [InstructionsEventListener.onPluginEvent:43] INSTRUCTION EVENT: Added xml node to /content/documents/administration
28.02.2014 11:20:28 INFO  http-8080-6 [InstructionsEventListener.onPluginEvent:43] INSTRUCTION EVENT: Added xml node to /content/documents/appstore/blog/authors
28.02.2014 11:20:28 INFO  http-8080-6 [InstructionsEventListener.onPluginEvent:43] INSTRUCTION EVENT: Added xml node to /content/documents/appstore/blog/authors
28.02.2014 11:20:28 INFO  http-8080-6 [InstructionsEventListener.onPluginEvent:43] INSTRUCTION EVENT: Added xml node to /content/documents/appstore/blog/2014/02
28.02.2014 11:20:28 INFO  http-8080-6 [InstructionsEventListener.onPluginEvent:43] INSTRUCTION EVENT: Added xml node to /content/documents/appstore/blog/2014/02
28.02.2014 11:20:28 INFO  http-8080-6 [InstructionsEventListener.onPluginEvent:43] INSTRUCTION EVENT: Copied file from: freemarker/essentials-blog-detail.ftl to: /home/machak/java/projects/hippo/appstore/site/src/main/webapp/WEB-INF/jsp/essentials/blog/essentials-blog-detail.ftl
28.02.2014 11:20:28 INFO  http-8080-6 [InstructionsEventListener.onPluginEvent:43] INSTRUCTION EVENT: Copied file from: freemarker/essentials-blog-list.ftl to: /home/machak/java/projects/hippo/appstore/site/src/main/webapp/WEB-INF/jsp/essentials/blog/essentials-blog-list.ftl
28.02.2014 11:20:28 INFO  http-8080-6 [InstructionsEventListener.onPluginEvent:43] INSTRUCTION EVENT: Created blog facet at: {{facetMessage}}
