30.10.2008 08:49:34 WARN  [org.hippoecm.repository.RepositoryServlet.init():163] Started an RMI registry on port 1099
30.10.2008 08:50:16 ERROR [org.hippoecm.repository.RepositoryServlet.init():170] Generic remoting exception: rmi://localhost:1099/hipporepository
java.rmi.NoSuchObjectException: no such object in table
	at sun.rmi.transport.StreamRemoteCall.exceptionReceivedFromServer(StreamRemoteCall.java:247)
	at sun.rmi.transport.StreamRemoteCall.executeCall(StreamRemoteCall.java:223)
	at sun.rmi.server.UnicastRef.invoke(UnicastRef.java:343)
	at sun.rmi.registry.RegistryImpl_Stub.rebind(Unknown Source)
	at org.hippoecm.repository.RepositoryServlet.init(RepositoryServlet.java:158)
	at org.apache.catalina.core.StandardWrapper.loadServlet(StandardWrapper.java:1172)
	at org.apache.catalina.core.StandardWrapper.load(StandardWrapper.java:992)
	at org.apache.catalina.core.StandardContext.loadOnStartup(StandardContext.java:4058)
	at org.apache.catalina.core.StandardContext.start(StandardContext.java:4371)
	at org.apache.catalina.core.ContainerBase.addChildInternal(ContainerBase.java:791)
	at org.apache.catalina.core.ContainerBase.addChild(ContainerBase.java:771)
	at org.apache.catalina.core.StandardHost.addChild(StandardHost.java:525)
	at org.apache.catalina.startup.HostConfig.deployWAR(HostConfig.java:830)
	at org.apache.catalina.startup.HostConfig.deployWARs(HostConfig.java:719)
	at org.apache.catalina.startup.HostConfig.deployApps(HostConfig.java:490)
	at org.apache.catalina.startup.HostConfig.start(HostConfig.java:1149)
	at org.apache.catalina.startup.HostConfig.lifecycleEvent(HostConfig.java:311)
	at org.apache.catalina.util.LifecycleSupport.fireLifecycleEvent(LifecycleSupport.java:117)
	at org.apache.catalina.core.ContainerBase.start(ContainerBase.java:1053)
	at org.apache.catalina.core.StandardHost.start(StandardHost.java:719)
	at org.apache.catalina.core.ContainerBase.start(ContainerBase.java:1045)
	at org.apache.catalina.core.StandardEngine.start(StandardEngine.java:443)
	at org.apache.catalina.core.StandardService.start(StandardService.java:516)
	at org.apache.catalina.core.StandardServer.start(StandardServer.java:710)
	at org.apache.catalina.startup.Catalina.start(Catalina.java:578)
	at sun.reflect.NativeMethodAccessorImpl.invoke0(Native Method)
	at sun.reflect.NativeMethodAccessorImpl.invoke(NativeMethodAccessorImpl.java:39)
	at sun.reflect.DelegatingMethodAccessorImpl.invoke(DelegatingMethodAccessorImpl.java:25)
	at java.lang.reflect.Method.invoke(Method.java:585)
	at org.apache.catalina.startup.Bootstrap.start(Bootstrap.java:288)
	at org.apache.catalina.startup.Bootstrap.main(Bootstrap.java:413)
30.10.2008 08:50:18 ERROR [org.hippoecm.frontend.model.JcrSessionModel.load():155] no such object in table
30.10.2008 11:42:46 ERROR [org.hippoecm.frontend.model.JcrItemModel.detach():139] 92f5236b-462d-4cac-953b-9367f6f130be/{}caption: the item does not exist anymore
